<?xml version="1.0" encoding="UTF-8"?>
<testsuite xmlns:xsi="http://www.w3.org/2001/XMLSchema-instance" xsi:noNamespaceSchemaLocation="https://maven.apache.org/surefire/maven-failsafe-plugin/xsd/failsafe-test-report-3.0.xsd" version="3.0" name="Login And Altas" time="2.417" tests="1" errors="1" skipped="0" failures="0">
  <properties>
[...]
</properties>
  <testcase name=" #2" classname="Login And Altas" time="2.417">
    <error message="Failed to create step library for VisualizacionesAltas:Failed to create step library for WebElementFacade:Could not create type" type="net.serenitybdd.core.exceptions.StepInitialisationException"><![CDATA[net.serenitybdd.core.exceptions.StepInitialisationException: Failed to create step library for VisualizacionesAltas:Failed to create step library for WebElementFacade:Could not create type
Caused by: net.serenitybdd.core.exceptions.StepInitialisationException: Failed to create step library for WebElementFacade:Could not create type
Caused by: java.lang.IllegalArgumentException: Could not create type
Caused by: java.lang.IllegalArgumentException: None of [public static java.lang.Object net.thucydides.core.steps.ProxyConfiguration$InterceptorDispatcher.intercept(java.lang.Object,java.lang.reflect.Method,java.lang.Object[],java.lang.Object,net.thucydides.core.steps.Interceptor,java.lang.reflect.Method) throws java.lang.Throwable] allows for delegation from public abstract java.lang.Object org.openqa.selenium.TakesScreenshot.getScreenshotAs(org.openqa.selenium.OutputType) throws org.openqa.selenium.WebDriverException
]]></error>
    <system-out><![CDATA[16:29:33.418 [pool-2-thread-1] INFO  i.c.core.plugin.SerenityReporter - Running feature from file:///C:/WorkSpace/testing-automatizado-sistema-acuerdos-serenity/src/test/resources/features/SistemaAcuerdos.feature

16:29:33.422 [pool-2-thread-1] WARN  i.c.core.plugin.SerenityReporter - Feature from file:///C:/WorkSpace/testing-automatizado-sistema-acuerdos-serenity/src/test/resources/features/SistemaAcuerdos.feature is not under the 'features' directory. Requirements report will not be correctly generated!

16:29:34.002 [pool-2-thread-1] INFO   - 

-------------------------------------------------------------------------------------
     _______. _______ .______       _______ .__   __.  __  .___________.____    ____ 
    /       ||   ____||   _  \     |   ____||  \ |  | |  | |           |\   \  /   / 
   |   (----`|  |__   |  |_)  |    |  |__   |   \|  | |  | `---|  |----` \   \/   /  
    \   \    |   __|  |      /     |   __|  |  . `  | |  |     |  |       \_    _/   
.----)   |   |  |____ |  |\  \----.|  |____ |  |\   | |  |     |  |         |  |     
|_______/    |_______|| _| `._____||_______||__| \__| |__|     |__|         |__|    
                                                                                     
 News and tutorials at http://www.serenity-bdd.info                                  
 Documentation at https://wakaleo.gitbooks.io/the-serenity-book/content/             
 Join the Serenity Community on Gitter: https://gitter.im/serenity-bdd/serenity-core 
 Serenity BDD Support and Training at http://serenity-bdd.info/#/trainingandsupport  
-------------------------------------------------------------------------------------


16:29:34.009 [pool-2-thread-1] INFO   - Test Suite Started: Login And Altas

16:29:36.517 [pool-2-thread-1] ERROR  - 
         __  _____ _____ ____ _____   _____ ____  ____   ___  ____  
 _      / / |_   _| ____/ ___|_   _| | ____|  _ \|  _ \ / _ \|  _ \ 
(_)____| |    | | |  _| \___ \ | |   |  _| | |_) | |_) | | | | |_) |
 |_____| |    | | | |___ ___) || |   | |___|  _ <|  _ <| |_| |  _ < 
(_)    | |    |_| |_____|____/ |_|   |_____|_| \_\_| \_\\___/|_| \_\
        \_\                                                         


---------------------------------------------------------------------

16:29:36.527 [pool-2-thread-1] DEBUG  - RELATED ISSUES: 

16:29:36.655 [pool-2-thread-1] ERROR  -     Test failed at step: Given nos encontramos en la pagina principal de Sistema de Acuerdos

16:29:36.656 [pool-2-thread-1] ERROR  -     Failed to create step library for WebElementFacade:Could not create type



&amp#27;[31mFailed scenarios:&amp#27;[0m


&amp#27;[31mfile:///C:/WorkSpace/testing-automatizado-sistema-acuerdos-serenity/src/test/resources/features/SistemaAcuerdos.feature:38&amp#27;[0m
# 




1
 Scenarios (
&amp#27;[31m1 failed&amp#27;[0m
)


8
 Steps (
&amp#27;[31m1 failed&amp#27;[0m
, 
&amp#27;[36m7 skipped&amp#27;[0m
)


0m
3,326s






net.serenitybdd.core.exceptions.StepInitialisationException: Failed to create step library for VisualizacionesAltas:Failed to create step library for WebElementFacade:Could not create type


	at net.thucydides.core.steps.StepFactory.getNewStepLibraryFor(StepFactory.java:130)


	at net.thucydides.core.steps.IndividualInstancesByDefaultStepCreationStrategy.initiateStepsFor(IndividualInstancesByDefaultStepCreationStrategy.java:16)


	at net.thucydides.core.steps.StepAnnotations.instantiateAnyUnitiaializedSteps(StepAnnotations.java:80)


	at net.thucydides.core.steps.StepAnnotations.instanciateScenarioStepFields(StepAnnotations.java:61)


	at net.thucydides.core.steps.StepAnnotations.injectScenarioStepsInto(StepAnnotations.java:43)


	at net.serenitybdd.core.Serenity.injectScenarioStepsInto(Serenity.java:141)


	at net.serenitybdd.core.Serenity.initializeWithNoStepListener(Serenity.java:107)


	at cucumber.runtime.SerenityObjectFactory.newInstance(SerenityObjectFactory.java:75)


	at cucumber.runtime.SerenityObjectFactory.cacheNewInstance(SerenityObjectFactory.java:58)


	at cucumber.runtime.SerenityObjectFactory.getInstance(SerenityObjectFactory.java:48)


	at io.cucumber.java.AbstractGlueDefinition.invokeMethod(AbstractGlueDefinition.java:47)


	at io.cucumber.java.JavaStepDefinition.execute(JavaStepDefinition.java:29)


	at io.cucumber.core.runner.CoreStepDefinition.execute(CoreStepDefinition.java:66)


	at io.cucumber.core.runner.PickleStepDefinitionMatch.runStep(PickleStepDefinitionMatch.java:63)


	at io.cucumber.core.runner.TestStep.executeStep(TestStep.java:92)


	at io.cucumber.core.runner.TestStep.run(TestStep.java:63)


	at io.cucumber.core.runner.PickleStepTestStep.run(PickleStepTestStep.java:49)


	at io.cucumber.core.runner.TestCase.run(TestCase.java:99)


	at io.cucumber.core.runner.Runner.runPickle(Runner.java:71)


	at io.cucumber.junit.PickleRunners$NoStepDescriptions.run(PickleRunners.java:151)


	at io.cucumber.junit.FeatureRunner.runChild(FeatureRunner.java:135)


	at io.cucumber.junit.FeatureRunner.runChild(FeatureRunner.java:27)


	at org.junit.runners.ParentRunner$3.run(ParentRunner.java:290)


	at org.junit.runners.ParentRunner$1.schedule(ParentRunner.java:71)


	at org.junit.runners.ParentRunner.runChildren(ParentRunner.java:288)


	at org.junit.runners.ParentRunner.access$000(ParentRunner.java:58)


	at org.junit.runners.ParentRunner$2.evaluate(ParentRunner.java:268)


	at org.junit.runners.ParentRunner.run(ParentRunner.java:363)


	at io.cucumber.junit.CucumberSerenityRunner.runChild(CucumberSerenityRunner.java:234)


	at io.cucumber.junit.CucumberSerenityRunner.runChild(CucumberSerenityRunner.java:57)


	at org.junit.runners.ParentRunner$3.run(ParentRunner.java:290)


	at org.apache.maven.surefire.junitcore.pc.Scheduler$1.run(Scheduler.java:405)


	at org.apache.maven.surefire.junitcore.pc.InvokerStrategy.schedule(InvokerStrategy.java:54)


	at org.apache.maven.surefire.junitcore.pc.Scheduler.schedule(Scheduler.java:362)


	at org.junit.runners.ParentRunner.runChildren(ParentRunner.java:288)


	at org.junit.runners.ParentRunner.access$000(ParentRunner.java:58)


	at org.junit.runners.ParentRunner$2.evaluate(ParentRunner.java:268)


	at io.cucumber.junit.CucumberSerenityRunner$RunCucumber.evaluate(CucumberSerenityRunner.java:262)


	at org.junit.runners.ParentRunner.run(ParentRunner.java:363)


	at org.junit.runners.Suite.runChild(Suite.java:128)


	at org.junit.runners.Suite.runChild(Suite.java:27)


	at org.junit.runners.ParentRunner$3.run(ParentRunner.java:290)


	at org.apache.maven.surefire.junitcore.pc.Scheduler$1.run(Scheduler.java:405)


	at java.util.concurrent.Executors$RunnableAdapter.call(Executors.java:511)


	at java.util.concurrent.FutureTask.run(FutureTask.java:266)


	at java.util.concurrent.ThreadPoolExecutor.runWorker(ThreadPoolExecutor.java:1149)


	at java.util.concurrent.ThreadPoolExecutor$Worker.run(ThreadPoolExecutor.java:624)


	at java.lang.Thread.run(Thread.java:748)


Caused by: net.serenitybdd.core.exceptions.StepInitialisationException: Failed to create step library for WebElementFacade:Could not create type


	at net.thucydides.core.steps.StepFactory.getNewStepLibraryFor(StepFactory.java:130)


	at net.thucydides.core.steps.IndividualInstancesByDefaultStepCreationStrategy.initiateStepsFor(IndividualInstancesByDefaultStepCreationStrategy.java:16)


	at net.thucydides.core.steps.StepAnnotations.instantiateAnyUnitiaializedSteps(StepAnnotations.java:80)


	at net.thucydides.core.steps.StepAnnotations.instanciateScenarioStepFields(StepAnnotations.java:61)


	at net.thucydides.core.steps.StepAnnotations.injectNestedScenarioStepsInto(StepAnnotations.java:53)


	at net.thucydides.core.steps.StepFactory.instantiateAnyNestedStepLibrariesIn(StepFactory.java:405)


	at net.thucydides.core.steps.StepFactory.instantiateNewStepLibraryFor(StepFactory.java:194)


	at net.thucydides.core.steps.StepFactory.instantiateNewStepLibraryFor(StepFactory.java:177)


	at net.thucydides.core.steps.StepFactory.getNewStepLibraryFor(StepFactory.java:124)


	... 47 more


Caused by: java.lang.IllegalArgumentException: Could not create type


	at net.bytebuddy.TypeCache.findOrInsert(TypeCache.java:154)


	at net.bytebuddy.TypeCache$WithInlineExpunction.findOrInsert(TypeCache.java:365)


	at net.bytebuddy.TypeCache.findOrInsert(TypeCache.java:174)


	at net.bytebuddy.TypeCache$WithInlineExpunction.findOrInsert(TypeCache.java:376)


	at net.thucydides.core.steps.StepFactory.load(StepFactory.java:267)


	at net.thucydides.core.steps.StepFactory.createProxyStepLibrary(StepFactory.java:236)


	at net.thucydides.core.steps.StepFactory.instantiateNewStepLibraryFor(StepFactory.java:186)


	at net.thucydides.core.steps.StepFactory.instantiateNewStepLibraryFor(StepFactory.java:177)


	at net.thucydides.core.steps.StepFactory.getNewStepLibraryFor(StepFactory.java:124)


	... 55 more


Caused by: java.lang.IllegalArgumentException: None of [public static java.lang.Object net.thucydides.core.steps.ProxyConfiguration$InterceptorDispatcher.intercept(java.lang.Object,java.lang.reflect.Method,java.lang.Object[],java.lang.Object,net.thucydides.core.steps.Interceptor,java.lang.reflect.Method) throws java.lang.Throwable] allows for delegation from public abstract java.lang.Object org.openqa.selenium.TakesScreenshot.getScreenshotAs(org.openqa.selenium.OutputType) throws org.openqa.selenium.WebDriverException


	at net.bytebuddy.implementation.bind.MethodDelegationBinder$Processor.bind(MethodDelegationBinder.java:1096)


	at net.bytebuddy.implementation.MethodDelegation$Appender.apply(MethodDelegation.java:1282)


	at net.bytebuddy.dynamic.scaffold.TypeWriter$MethodPool$Record$ForDefinedMethod$WithBody.applyCode(TypeWriter.java:713)


	at net.bytebuddy.dynamic.scaffold.TypeWriter$MethodPool$Record$ForDefinedMethod$WithBody.applyBody(TypeWriter.java:698)


	at net.bytebuddy.dynamic.scaffold.TypeWriter$MethodPool$Record$ForDefinedMethod.apply(TypeWriter.java:605)


	at net.bytebuddy.dynamic.scaffold.TypeWriter$Default$ForCreation.create(TypeWriter.java:5133)


	at net.bytebuddy.dynamic.scaffold.TypeWriter$Default.make(TypeWriter.java:1933)


	at net.bytebuddy.dynamic.scaffold.subclass.SubclassDynamicTypeBuilder.make(SubclassDynamicTypeBuilder.java:225)


	at net.bytebuddy.dynamic.scaffold.subclass.SubclassDynamicTypeBuilder.make(SubclassDynamicTypeBuilder.java:198)


	at net.bytebuddy.dynamic.DynamicType$Builder$AbstractBase.make(DynamicType.java:3404)


	at net.bytebuddy.dynamic.DynamicType$Builder$AbstractBase$Delegator.make(DynamicType.java:3600)


	at net.thucydides.core.steps.StepFactory.lambda$load$2(StepFactory.java:270)


	at net.bytebuddy.TypeCache.findOrInsert(TypeCache.java:152)


	... 63 more






16:29:34.500 [pool-2-thread-1] INFO  i.c.core.plugin.SerenityReporter - Running feature from file:///C:/WorkSpace/testing-automatizado-sistema-acuerdos-serenity/src/test/resources/features/SistemaAcuerdos.feature
16:29:34.502 [pool-2-thread-1] WARN  i.c.core.plugin.SerenityReporter - Feature from file:///C:/WorkSpace/testing-automatizado-sistema-acuerdos-serenity/src/test/resources/features/SistemaAcuerdos.feature is not under the 'features' directory. Requirements report will not be correctly generated!
16:29:34.683 [pool-2-thread-1] INFO   - 
 _____ _____ ____ _____   ____ _____  _    ____ _____ _____ ____  
|_   _| ____/ ___|_   _| / ___|_   _|/ \  |  _ \_   _| ____|  _ \ 
  | | |  _| \___ \ | |   \___ \ | | / _ \ | |_) || | |  _| | | | |
  | | | |___ ___) || |    ___) || |/ ___ \|  _ < | | | |___| |_| |
  |_| |_____|____/ |_|   |____/ |_/_/   \_\_| \_\|_| |_____|____/ 

(login-and-altas;)
-------------------------------------------------------------------
]]></system-out>
  </testcase>
</testsuite>